Start testing: Dec 26 14:44 PST
----------------------------------------------------------
1/1 Testing: all_tests
1/1 Test: all_tests
Command: "/Users/maxwell/Programming/C++/RenderingEngine/test_runner" "--log_level=all" "--color_output=yes" "--report_level=detailed"
Directory: /Users/maxwell/Programming/C++/RenderingEngine
"all_tests" start time: Dec 26 14:44 PST
Output:
----------------------------------------------------------
Starting test suite...
Running 7 test cases...
[1;35;49m
0%   10   20   30   40   50   60   70   80   90   100%
|----|----|----|----|----|----|----|----|----|----|
[0;39;49m[1;34;49mEntering test module "EngineTests"
[0;39;49m[1;34;49m/Users/maxwell/Programming/C++/RenderingEngine/tests/src/vector_tests.cpp:10: Entering test suite "VectorTests"
[0;39;49m[1;34;49m/Users/maxwell/Programming/C++/RenderingEngine/tests/src/vector_tests.cpp:12: Entering test case "Vector3DefaultConstructor"
[0;39;49m/Users/maxwell/Programming/C++/RenderingEngine/tests/src/vector_tests.cpp:14: [1;32;49minfo: check vec3.x == 0 has passed[0;39;49m
/Users/maxwell/Programming/C++/RenderingEngine/tests/src/vector_tests.cpp:15: [1;32;49minfo: check vec3.y == 0 has passed[0;39;49m
/Users/maxwell/Programming/C++/RenderingEngine/tests/src/vector_tests.cpp:16: [1;32;49minfo: check vec3.z == 0 has passed[0;39;49m
[1;35;49m*******[0;39;49m[1;34;49m/Users/maxwell/Programming/C++/RenderingEngine/tests/src/vector_tests.cpp:12: Leaving test case "Vector3DefaultConstructor"; testing time: 21us
[0;39;49m[1;34;49m/Users/maxwell/Programming/C++/RenderingEngine/tests/src/vector_tests.cpp:20: Entering test case "Vector3Constructor"
[0;39;49m/Users/maxwell/Programming/C++/RenderingEngine/tests/src/vector_tests.cpp:22: [1;32;49minfo: check vec3f.x == 1.1f has passed[0;39;49m
/Users/maxwell/Programming/C++/RenderingEngine/tests/src/vector_tests.cpp:23: [1;32;49minfo: check vec3f.y == 1.2f has passed[0;39;49m
/Users/maxwell/Programming/C++/RenderingEngine/tests/src/vector_tests.cpp:24: [1;32;49minfo: check vec3f.z == 1.3f has passed[0;39;49m
/Users/maxwell/Programming/C++/RenderingEngine/tests/src/vector_tests.cpp:27: [1;32;49minfo: check vec3i.x == 1 has passed[0;39;49m
/Users/maxwell/Programming/C++/RenderingEngine/tests/src/vector_tests.cpp:28: [1;32;49minfo: check vec3i.y == 2 has passed[0;39;49m
/Users/maxwell/Programming/C++/RenderingEngine/tests/src/vector_tests.cpp:29: [1;32;49minfo: check vec3i.z == 3 has passed[0;39;49m
[1;35;49m*******[0;39;49m[1;34;49m/Users/maxwell/Programming/C++/RenderingEngine/tests/src/vector_tests.cpp:20: Leaving test case "Vector3Constructor"; testing time: 28us
[0;39;49m[1;34;49m/Users/maxwell/Programming/C++/RenderingEngine/tests/src/vector_tests.cpp:33: Entering test case "Vector3ConvertConstructor"
[0;39;49m/Users/maxwell/Programming/C++/RenderingEngine/tests/src/vector_tests.cpp:36: [1;32;49minfo: check vec3i == Vector3i(1,1,1) has passed[0;39;49m
[1;35;49m*******[0;39;49m[1;34;49m/Users/maxwell/Programming/C++/RenderingEngine/tests/src/vector_tests.cpp:33: Leaving test case "Vector3ConvertConstructor"; testing time: 15us
[0;39;49m[1;34;49m/Users/maxwell/Programming/C++/RenderingEngine/tests/src/vector_tests.cpp:40: Entering test case "Vector3Comparison"
[0;39;49m/Users/maxwell/Programming/C++/RenderingEngine/tests/src/vector_tests.cpp:44: [1;32;49minfo: check vec3f==vec3f2 has passed[0;39;49m
/Users/maxwell/Programming/C++/RenderingEngine/tests/src/vector_tests.cpp:45: [1;32;49minfo: check vec3f3!=vec3f has passed[0;39;49m
[1;35;49m*******[0;39;49m[1;34;49m/Users/maxwell/Programming/C++/RenderingEngine/tests/src/vector_tests.cpp:40: Leaving test case "Vector3Comparison"; testing time: 17us
[0;39;49m[1;34;49m/Users/maxwell/Programming/C++/RenderingEngine/tests/src/vector_tests.cpp:48: Entering test case "Vector3Addition"
[0;39;49m/Users/maxwell/Programming/C++/RenderingEngine/tests/src/vector_tests.cpp:52: [1;32;49minfo: check vec3f3 == Vector3f(2.5f,3.0f,2.5f) has passed[0;39;49m
[1;35;49m*******[0;39;49m[1;34;49m/Users/maxwell/Programming/C++/RenderingEngine/tests/src/vector_tests.cpp:48: Leaving test case "Vector3Addition"; testing time: 15us
[0;39;49m[1;34;49m/Users/maxwell/Programming/C++/RenderingEngine/tests/src/vector_tests.cpp:55: Entering test case "Vector3AdditionInplace"
[0;39;49m/Users/maxwell/Programming/C++/RenderingEngine/tests/src/vector_tests.cpp:59: [1;32;49minfo: check vec3f == Vector3f(2.0f,3.0f,4.0f) has passed[0;39;49m
[1;35;49m*******[0;39;49m[1;34;49m/Users/maxwell/Programming/C++/RenderingEngine/tests/src/vector_tests.cpp:55: Leaving test case "Vector3AdditionInplace"; testing time: 15us
[0;39;49m[1;34;49m/Users/maxwell/Programming/C++/RenderingEngine/tests/src/vector_tests.cpp:62: Entering test case "Vector3Subtraction"
[0;39;49m/Users/maxwell/Programming/C++/RenderingEngine/tests/src/vector_tests.cpp:66: [1;32;49minfo: check vec3f3 == Vector3f(8.5f,19.0f,19.5f) has passed[0;39;49m
[1;35;49m*********
[0;39;49m[1;34;49m/Users/maxwell/Programming/C++/RenderingEngine/tests/src/vector_tests.cpp:62: Leaving test case "Vector3Subtraction"; testing time: 15us
[0;39;49m[1;35;49m[0;39;49m[1;34;49m/Users/maxwell/Programming/C++/RenderingEngine/tests/src/vector_tests.cpp:10: Leaving test suite "VectorTests"; testing time: 182us
[0;39;49m[1;35;49m[0;39;49m[1;34;49mLeaving test module "EngineTests"; testing time: 187us
[0;39;49m
Test module "EngineTests" has passed with:
  7 test cases out of 7 passed
  15 assertions out of 15 passed

  Test suite "VectorTests" has passed with:
    7 test cases out of 7 passed
    15 assertions out of 15 passed

    Test case "VectorTests/Vector3DefaultConstructor" has passed with:
      3 assertions out of 3 passed

    Test case "VectorTests/Vector3Constructor" has passed with:
      6 assertions out of 6 passed

    Test case "VectorTests/Vector3ConvertConstructor" has passed with:
      1 assertion out of 1 passed

    Test case "VectorTests/Vector3Comparison" has passed with:
      2 assertions out of 2 passed

    Test case "VectorTests/Vector3Addition" has passed with:
      1 assertion out of 1 passed

    Test case "VectorTests/Vector3AdditionInplace" has passed with:
      1 assertion out of 1 passed

    Test case "VectorTests/Vector3Subtraction" has passed with:
      1 assertion out of 1 passed

Cleaning up test suite...
<end of output>
Test time =   0.18 sec
----------------------------------------------------------
Test Passed.
"all_tests" end time: Dec 26 14:44 PST
"all_tests" time elapsed: 00:00:00
----------------------------------------------------------

End testing: Dec 26 14:44 PST
